<?xml version="1.0" encoding="UTF-8"?>
<coverage generated="1529150910208" clover="3.2.0">
  <project timestamp="1529150910209" name="All files">
    <metrics statements="92" coveredstatements="92" conditionals="24" coveredconditionals="24" methods="36" coveredmethods="36" elements="152" coveredelements="152" complexity="0" loc="92" ncloc="92" packages="1" files="5" classes="5">
      <file name="calculator.ts" path="C:\Users\HT-Marcus\Dropbox\Programming\sudoku\src\calculator.ts">
        <metrics statements="23" coveredstatements="23" conditionals="8" coveredconditionals="8" methods="6" coveredmethods="6"/>
        <line num="1" count="1" type="stmt"/>
        <line num="7" count="1" type="stmt"/>
        <line num="10" count="1" type="stmt"/>
        <line num="11" count="8" type="stmt"/>
        <line num="19" count="1" type="stmt"/>
        <line num="20" count="12" type="stmt"/>
        <line num="29" count="1" type="stmt"/>
        <line num="31" count="4047" type="stmt"/>
        <line num="33" count="4047" type="stmt"/>
        <line num="34" count="5025" type="cond" truecount="2" falsecount="0"/>
        <line num="35" count="87" type="stmt"/>
        <line num="37" count="4938" type="cond" truecount="2" falsecount="0"/>
        <line num="38" count="54" type="cond" truecount="2" falsecount="0"/>
        <line num="39" count="18" type="stmt"/>
        <line num="42" count="4884" type="cond" truecount="2" falsecount="0"/>
        <line num="43" count="4035" type="stmt"/>
        <line num="47" count="4035" type="stmt"/>
        <line num="48" count="51" type="stmt"/>
        <line num="49" count="51" type="stmt"/>
        <line num="51" count="849" type="stmt"/>
        <line num="55" count="4047" type="stmt"/>
        <line num="56" count="4047" type="stmt"/>
        <line num="58" count="1" type="stmt"/>
      </file>
      <file name="combination.ts" path="C:\Users\HT-Marcus\Dropbox\Programming\sudoku\src\combination.ts">
        <metrics statements="7" coveredstatements="7" conditionals="0" coveredconditionals="0" methods="5" coveredmethods="5"/>
        <line num="4" count="1" type="stmt"/>
        <line num="13" count="18" type="stmt"/>
        <line num="17" count="1" type="stmt"/>
        <line num="18" count="13" type="stmt"/>
        <line num="22" count="1" type="stmt"/>
        <line num="23" count="4" type="stmt"/>
        <line num="25" count="1" type="stmt"/>
      </file>
      <file name="group.ts" path="C:\Users\HT-Marcus\Dropbox\Programming\sudoku\src\group.ts">
        <metrics statements="13" coveredstatements="13" conditionals="0" coveredconditionals="0" methods="4" coveredmethods="4"/>
        <line num="19" count="1" type="stmt"/>
        <line num="33" count="2" type="stmt"/>
        <line num="36" count="1" type="stmt"/>
        <line num="37" count="2" type="stmt"/>
        <line num="38" count="4" type="stmt"/>
        <line num="39" count="4" type="stmt"/>
        <line num="41" count="2" type="stmt"/>
        <line num="45" count="2" type="stmt"/>
        <line num="46" count="2" type="stmt"/>
        <line num="47" count="2" type="stmt"/>
        <line num="51" count="1" type="stmt"/>
        <line num="52" count="2" type="stmt"/>
        <line num="54" count="1" type="stmt"/>
      </file>
      <file name="note.ts" path="C:\Users\HT-Marcus\Dropbox\Programming\sudoku\src\note.ts">
        <metrics statements="15" coveredstatements="15" conditionals="6" coveredconditionals="6" methods="6" coveredmethods="6"/>
        <line num="12" count="3" type="stmt"/>
        <line num="15" count="102" type="stmt"/>
        <line num="16" count="102" type="stmt"/>
        <line num="18" count="3" type="stmt"/>
        <line num="19" count="59" type="cond" truecount="2" falsecount="0"/>
        <line num="22" count="3" type="stmt"/>
        <line num="23" count="4" type="stmt"/>
        <line num="27" count="102" type="stmt"/>
        <line num="28" count="102" type="stmt"/>
        <line num="29" count="102" type="stmt"/>
        <line num="32" count="42" type="cond" truecount="2" falsecount="0"/>
        <line num="33" count="31" type="stmt"/>
        <line num="36" count="36" type="cond" truecount="2" falsecount="0"/>
        <line num="37" count="34" type="stmt"/>
        <line num="39" count="3" type="stmt"/>
      </file>
      <file name="tile.ts" path="C:\Users\HT-Marcus\Dropbox\Programming\sudoku\src\tile.ts">
        <metrics statements="34" coveredstatements="34" conditionals="10" coveredconditionals="10" methods="15" coveredmethods="15"/>
        <line num="24" count="2" type="stmt"/>
        <line num="31" count="2" type="stmt"/>
        <line num="32" count="11" type="stmt"/>
        <line num="35" count="15" type="cond" truecount="4" falsecount="0"/>
        <line num="36" count="14" type="stmt"/>
        <line num="48" count="11" type="stmt"/>
        <line num="61" count="11" type="stmt"/>
        <line num="62" count="11" type="stmt"/>
        <line num="65" count="20" type="cond" truecount="2" falsecount="0"/>
        <line num="68" count="11" type="stmt"/>
        <line num="69" count="11" type="stmt"/>
        <line num="70" count="11" type="stmt"/>
        <line num="71" count="99" type="stmt"/>
        <line num="73" count="11" type="stmt"/>
        <line num="75" count="11" type="stmt"/>
        <line num="76" count="11" type="stmt"/>
        <line num="77" count="11" type="stmt"/>
        <line num="83" count="2" type="stmt"/>
        <line num="84" count="36" type="stmt"/>
        <line num="93" count="2" type="stmt"/>
        <line num="94" count="9" type="stmt"/>
        <line num="105" count="4" type="cond" truecount="2" falsecount="0"/>
        <line num="106" count="3" type="stmt"/>
        <line num="114" count="2" type="stmt"/>
        <line num="115" count="27" type="stmt"/>
        <line num="125" count="2" type="stmt"/>
        <line num="126" count="1" type="stmt"/>
        <line num="130" count="2" type="stmt"/>
        <line num="131" count="2" type="stmt"/>
        <line num="137" count="2" type="stmt"/>
        <line num="138" count="2" type="cond" truecount="2" falsecount="0"/>
        <line num="139" count="18" type="stmt"/>
        <line num="141" count="2" type="stmt"/>
        <line num="143" count="2" type="stmt"/>
      </file>
    </metrics>
  </project>
</coverage>
