{"C:\\Users\\HT-Marcus\\Dropbox\\Programming\\sudoku\\src\\calculator.ts": {"path":"C:\\Users\\HT-Marcus\\Dropbox\\Programming\\sudoku\\src\\calculator.ts","statementMap":{"0":{"start":{"line":1,"column":0},"end":{"line":1,"column":41}},"1":{"start":{"line":7,"column":0},"end":{"line":58,"column":0}},"2":{"start":{"line":10,"column":9},"end":{"line":12,"column":3}},"3":{"start":{"line":11,"column":4},"end":{"line":11,"column":43}},"4":{"start":{"line":11,"column":36},"end":{"line":11,"column":41}},"5":{"start":{"line":19,"column":9},"end":{"line":21,"column":3}},"6":{"start":{"line":20,"column":4},"end":{"line":20,"column":42}},"7":{"start":{"line":29,"column":17},"end":{"line":57,"column":3}},"8":{"start":{"line":31,"column":24},"end":{"line":31,"column":26}},"9":{"start":{"line":33,"column":4},"end":{"line":53,"column":24}},"10":{"start":{"line":34,"column":6},"end":{"line":52,"column":7}},"11":{"start":{"line":35,"column":8},"end":{"line":35,"column":17}},"12":{"start":{"line":37,"column":13},"end":{"line":52,"column":7}},"13":{"start":{"line":38,"column":8},"end":{"line":39,"column":56}},"14":{"start":{"line":38,"column":26},"end":{"line":38,"column":35}},"15":{"start":{"line":39,"column":13},"end":{"line":39,"column":56}},"16":{"start":{"line":42,"column":8},"end":{"line":51,"column":21}},"17":{"start":{"line":43,"column":19},"end":{"line":43,"column":65}},"18":{"start":{"line":47,"column":10},"end":{"line":50,"column":13}},"19":{"start":{"line":48,"column":12},"end":{"line":48,"column":32}},"20":{"start":{"line":49,"column":12},"end":{"line":49,"column":34}},"21":{"start":{"line":51,"column":15},"end":{"line":51,"column":21}},"22":{"start":{"line":55,"column":4},"end":{"line":55,"column":25}},"23":{"start":{"line":56,"column":4},"end":{"line":56,"column":25}},"24":{"start":{"line":58,"column":0},"end":{"line":58,"column":1}},"25":{"start":{"line":7,"column":13},"end":{"line":7,"column":23}}},"fnMap":{"0":{"name":"(anonymous_0)","decl":{"start":{"line":7,"column":0},"end":{"line":null,"column":-1}},"loc":{"start":{"line":7,"column":0},"end":{"line":7,"column":-1}}},"1":{"name":"(anonymous_2)","decl":{"start":{"line":10,"column":2},"end":{"line":10,"column":15}},"loc":{"start":{"line":10,"column":33},"end":{"line":12,"column":3}}},"2":{"name":"(anonymous_3)","decl":{"start":{"line":11,"column":26},"end":{"line":11,"column":26}},"loc":{"start":{"line":11,"column":31},"end":{"line":11,"column":41}}},"3":{"name":"(anonymous_4)","decl":{"start":{"line":19,"column":2},"end":{"line":19,"column":25}},"loc":{"start":{"line":19,"column":56},"end":{"line":21,"column":3}}},"4":{"name":"(anonymous_5)","decl":{"start":{"line":29,"column":2},"end":{"line":29,"column":23}},"loc":{"start":{"line":29,"column":67},"end":{"line":57,"column":3}}},"5":{"name":"(anonymous_6)","decl":{"start":{"line":47,"column":21},"end":{"line":47,"column":21}},"loc":{"start":{"line":47,"column":23},"end":{"line":50,"column":11}}}},"branchMap":{"0":{"loc":{"start":{"line":34,"column":6},"end":{"line":52,"column":7}},"type":"if","locations":[{"start":{"line":34,"column":6},"end":{"line":52,"column":7}},{"start":{"line":34,"column":6},"end":{"line":52,"column":7}}]},"1":{"loc":{"start":{"line":37,"column":13},"end":{"line":52,"column":7}},"type":"if","locations":[{"start":{"line":37,"column":13},"end":{"line":52,"column":7}},{"start":{"line":37,"column":13},"end":{"line":52,"column":7}}]},"2":{"loc":{"start":{"line":38,"column":8},"end":{"line":39,"column":56}},"type":"if","locations":[{"start":{"line":38,"column":8},"end":{"line":39,"column":56}},{"start":{"line":38,"column":8},"end":{"line":39,"column":56}}]},"3":{"loc":{"start":{"line":42,"column":8},"end":{"line":51,"column":21}},"type":"if","locations":[{"start":{"line":42,"column":8},"end":{"line":51,"column":21}},{"start":{"line":42,"column":8},"end":{"line":51,"column":21}}]}},"s":{"0":1,"1":1,"2":1,"3":3,"4":8,"5":1,"6":12,"7":1,"8":4047,"9":4047,"10":5025,"11":87,"12":4938,"13":54,"14":36,"15":18,"16":4884,"17":4035,"18":4035,"19":51,"20":51,"21":849,"22":4047,"23":4047,"24":1,"25":1},"f":{"0":2,"1":3,"2":8,"3":12,"4":4047,"5":51},"b":{"0":[87,4938],"1":[54,4884],"2":[36,18],"3":[4035,849]}}
,"C:\\Users\\HT-Marcus\\Dropbox\\Programming\\sudoku\\src\\combination.ts": {"path":"C:\\Users\\HT-Marcus\\Dropbox\\Programming\\sudoku\\src\\combination.ts","statementMap":{"0":{"start":{"line":4,"column":0},"end":{"line":25,"column":0}},"1":{"start":{"line":13,"column":4},"end":{"line":13,"column":27}},"2":{"start":{"line":17,"column":2},"end":{"line":19,"column":3}},"3":{"start":{"line":18,"column":4},"end":{"line":18,"column":48}},"4":{"start":{"line":18,"column":41},"end":{"line":18,"column":46}},"5":{"start":{"line":22,"column":2},"end":{"line":24,"column":3}},"6":{"start":{"line":23,"column":4},"end":{"line":23,"column":31}},"7":{"start":{"line":25,"column":0},"end":{"line":25,"column":1}},"8":{"start":{"line":4,"column":13},"end":{"line":4,"column":24}}},"fnMap":{"0":{"name":"(anonymous_0)","decl":{"start":{"line":4,"column":0},"end":{"line":null,"column":-1}},"loc":{"start":{"line":4,"column":0},"end":{"line":4,"column":-1}}},"1":{"name":"Combination","decl":{"start":{"line":12,"column":2},"end":{"line":12,"column":13}},"loc":{"start":{"line":12,"column":31},"end":{"line":14,"column":3}}},"2":{"name":"(anonymous_2)","decl":{"start":{"line":17,"column":2},"end":{"line":null,"column":-1}},"loc":{"start":{"line":17,"column":2},"end":{"line":19,"column":3}}},"3":{"name":"(anonymous_3)","decl":{"start":{"line":18,"column":31},"end":{"line":18,"column":31}},"loc":{"start":{"line":18,"column":36},"end":{"line":18,"column":46}}},"4":{"name":"(anonymous_4)","decl":{"start":{"line":22,"column":2},"end":{"line":null,"column":-1}},"loc":{"start":{"line":22,"column":2},"end":{"line":24,"column":3}}}},"branchMap":{},"s":{"0":1,"1":18,"2":1,"3":4,"4":13,"5":1,"6":4,"7":1,"8":1},"f":{"0":1,"1":18,"2":4,"3":13,"4":4},"b":{}}
,"C:\\Users\\HT-Marcus\\Dropbox\\Programming\\sudoku\\src\\group.ts": {"path":"C:\\Users\\HT-Marcus\\Dropbox\\Programming\\sudoku\\src\\group.ts","statementMap":{"0":{"start":{"line":19,"column":0},"end":{"line":54,"column":0}},"1":{"start":{"line":33,"column":2},"end":{"line":33,"column":29}},"2":{"start":{"line":45,"column":4},"end":{"line":45,"column":17}},"3":{"start":{"line":46,"column":4},"end":{"line":46,"column":23}},"4":{"start":{"line":47,"column":4},"end":{"line":47,"column":23}},"5":{"start":{"line":36,"column":2},"end":{"line":42,"column":3}},"6":{"start":{"line":37,"column":12},"end":{"line":37,"column":13}},"7":{"start":{"line":38,"column":4},"end":{"line":40,"column":5}},"8":{"start":{"line":38,"column":17},"end":{"line":38,"column":16}},"9":{"start":{"line":39,"column":6},"end":{"line":39,"column":22}},"10":{"start":{"line":41,"column":4},"end":{"line":41,"column":13}},"11":{"start":{"line":51,"column":2},"end":{"line":53,"column":3}},"12":{"start":{"line":52,"column":4},"end":{"line":52,"column":42}},"13":{"start":{"line":54,"column":0},"end":{"line":54,"column":1}},"14":{"start":{"line":19,"column":13},"end":{"line":19,"column":18}}},"fnMap":{"0":{"name":"(anonymous_0)","decl":{"start":{"line":19,"column":0},"end":{"line":null,"column":-1}},"loc":{"start":{"line":19,"column":0},"end":{"line":19,"column":-1}}},"1":{"name":"Group","decl":{"start":{"line":44,"column":2},"end":{"line":44,"column":13}},"loc":{"start":{"line":44,"column":52},"end":{"line":48,"column":3}}},"2":{"name":"(anonymous_2)","decl":{"start":{"line":36,"column":2},"end":{"line":null,"column":-1}},"loc":{"start":{"line":36,"column":2},"end":{"line":42,"column":3}}},"3":{"name":"(anonymous_3)","decl":{"start":{"line":51,"column":2},"end":{"line":51,"column":16}},"loc":{"start":{"line":51,"column":24},"end":{"line":53,"column":3}}}},"branchMap":{},"s":{"0":1,"1":2,"2":2,"3":2,"4":2,"5":1,"6":2,"7":2,"8":4,"9":4,"10":2,"11":1,"12":2,"13":1,"14":1},"f":{"0":1,"1":2,"2":2,"3":2},"b":{}}
,"C:\\Users\\HT-Marcus\\Dropbox\\Programming\\sudoku\\src\\note.ts": {"path":"C:\\Users\\HT-Marcus\\Dropbox\\Programming\\sudoku\\src\\note.ts","statementMap":{"0":{"start":{"line":12,"column":0},"end":{"line":39,"column":0}},"1":{"start":{"line":15,"column":12},"end":{"line":15,"column":34}},"2":{"start":{"line":16,"column":12},"end":{"line":16,"column":40}},"3":{"start":{"line":27,"column":4},"end":{"line":27,"column":19}},"4":{"start":{"line":28,"column":4},"end":{"line":28,"column":22}},"5":{"start":{"line":29,"column":4},"end":{"line":29,"column":32}},"6":{"start":{"line":18,"column":2},"end":{"line":20,"column":3}},"7":{"start":{"line":19,"column":4},"end":{"line":19,"column":43}},"8":{"start":{"line":22,"column":2},"end":{"line":24,"column":3}},"9":{"start":{"line":23,"column":4},"end":{"line":23,"column":27}},"10":{"start":{"line":32,"column":2},"end":{"line":34,"column":3}},"11":{"start":{"line":32,"column":14},"end":{"line":32,"column":44}},"12":{"start":{"line":33,"column":4},"end":{"line":33,"column":25}},"13":{"start":{"line":36,"column":2},"end":{"line":38,"column":3}},"14":{"start":{"line":36,"column":16},"end":{"line":36,"column":54}},"15":{"start":{"line":37,"column":4},"end":{"line":37,"column":33}},"16":{"start":{"line":39,"column":0},"end":{"line":39,"column":1}},"17":{"start":{"line":12,"column":13},"end":{"line":12,"column":17}}},"fnMap":{"0":{"name":"(anonymous_0)","decl":{"start":{"line":12,"column":0},"end":{"line":null,"column":-1}},"loc":{"start":{"line":12,"column":0},"end":{"line":12,"column":-1}}},"1":{"name":"Note","decl":{"start":{"line":26,"column":2},"end":{"line":26,"column":13}},"loc":{"start":{"line":26,"column":61},"end":{"line":30,"column":3}}},"2":{"name":"(anonymous_2)","decl":{"start":{"line":18,"column":2},"end":{"line":null,"column":-1}},"loc":{"start":{"line":18,"column":2},"end":{"line":20,"column":3}}},"3":{"name":"(anonymous_3)","decl":{"start":{"line":22,"column":2},"end":{"line":null,"column":-1}},"loc":{"start":{"line":22,"column":2},"end":{"line":24,"column":3}}},"4":{"name":"(anonymous_4)","decl":{"start":{"line":32,"column":2},"end":{"line":32,"column":13}},"loc":{"start":{"line":32,"column":44},"end":{"line":34,"column":3}}},"5":{"name":"(anonymous_5)","decl":{"start":{"line":36,"column":2},"end":{"line":36,"column":15}},"loc":{"start":{"line":36,"column":54},"end":{"line":38,"column":3}}}},"branchMap":{"0":{"loc":{"start":{"line":19,"column":12},"end":{"line":19,"column":21}},"type":"binary-expr","locations":[{"start":{"line":19,"column":12},"end":{"line":19,"column":21}},{"start":{"line":19,"column":25},"end":{"line":19,"column":41}}]},"1":{"loc":{"start":{"line":32,"column":14},"end":{"line":32,"column":44}},"type":"if","locations":[{"start":{"line":32,"column":14},"end":{"line":32,"column":44}},{"start":{"line":32,"column":14},"end":{"line":32,"column":44}}]},"2":{"loc":{"start":{"line":36,"column":16},"end":{"line":36,"column":54}},"type":"if","locations":[{"start":{"line":36,"column":16},"end":{"line":36,"column":54}},{"start":{"line":36,"column":16},"end":{"line":36,"column":54}}]}},"s":{"0":3,"1":102,"2":102,"3":102,"4":102,"5":102,"6":3,"7":59,"8":3,"9":4,"10":3,"11":42,"12":31,"13":3,"14":36,"15":34,"16":3,"17":3},"f":{"0":3,"1":102,"2":59,"3":4,"4":31,"5":34},"b":{"0":[59,30],"1":[11,20],"2":[2,32]}}
,"C:\\Users\\HT-Marcus\\Dropbox\\Programming\\sudoku\\src\\tile.ts": {"path":"C:\\Users\\HT-Marcus\\Dropbox\\Programming\\sudoku\\src\\tile.ts","statementMap":{"0":{"start":{"line":24,"column":0},"end":{"line":143,"column":0}},"1":{"start":{"line":65,"column":4},"end":{"line":65,"column":28}},"2":{"start":{"line":61,"column":2},"end":{"line":78,"column":2}},"3":{"start":{"line":62,"column":12},"end":{"line":62,"column":82}},"4":{"start":{"line":48,"column":2},"end":{"line":48,"column":29}},"5":{"start":{"line":68,"column":4},"end":{"line":68,"column":17}},"6":{"start":{"line":69,"column":4},"end":{"line":69,"column":23}},"7":{"start":{"line":70,"column":4},"end":{"line":70,"column":27}},"8":{"start":{"line":71,"column":4},"end":{"line":71,"column":109}},"9":{"start":{"line":71,"column":66},"end":{"line":71,"column":107}},"10":{"start":{"line":73,"column":4},"end":{"line":73,"column":70}},"11":{"start":{"line":75,"column":4},"end":{"line":75,"column":30}},"12":{"start":{"line":76,"column":4},"end":{"line":76,"column":39}},"13":{"start":{"line":77,"column":4},"end":{"line":77,"column":74}},"14":{"start":{"line":31,"column":2},"end":{"line":33,"column":3}},"15":{"start":{"line":32,"column":4},"end":{"line":32,"column":21}},"16":{"start":{"line":35,"column":4},"end":{"line":37,"column":5}},"17":{"start":{"line":36,"column":6},"end":{"line":36,"column":22}},"18":{"start":{"line":83,"column":2},"end":{"line":86,"column":3}},"19":{"start":{"line":84,"column":4},"end":{"line":84,"column":40}},"20":{"start":{"line":84,"column":31},"end":{"line":84,"column":38}},"21":{"start":{"line":93,"column":2},"end":{"line":99,"column":3}},"22":{"start":{"line":94,"column":4},"end":{"line":94,"column":41}},"23":{"start":{"line":105,"column":2},"end":{"line":110,"column":3}},"24":{"start":{"line":105,"column":30},"end":{"line":105,"column":55}},"25":{"start":{"line":106,"column":4},"end":{"line":106,"column":49}},"26":{"start":{"line":114,"column":2},"end":{"line":119,"column":3}},"27":{"start":{"line":115,"column":4},"end":{"line":115,"column":52}},"28":{"start":{"line":115,"column":28},"end":{"line":115,"column":50}},"29":{"start":{"line":125,"column":2},"end":{"line":127,"column":3}},"30":{"start":{"line":126,"column":4},"end":{"line":126,"column":38}},"31":{"start":{"line":130,"column":2},"end":{"line":132,"column":3}},"32":{"start":{"line":131,"column":4},"end":{"line":131,"column":28}},"33":{"start":{"line":137,"column":2},"end":{"line":142,"column":3}},"34":{"start":{"line":138,"column":4},"end":{"line":138,"column":38}},"35":{"start":{"line":138,"column":23},"end":{"line":138,"column":38}},"36":{"start":{"line":139,"column":4},"end":{"line":139,"column":50}},"37":{"start":{"line":139,"column":28},"end":{"line":139,"column":48}},"38":{"start":{"line":141,"column":4},"end":{"line":141,"column":29}},"39":{"start":{"line":143,"column":0},"end":{"line":143,"column":1}},"40":{"start":{"line":24,"column":13},"end":{"line":24,"column":17}}},"fnMap":{"0":{"name":"(anonymous_0)","decl":{"start":{"line":24,"column":0},"end":{"line":null,"column":-1}},"loc":{"start":{"line":24,"column":0},"end":{"line":24,"column":-1}}},"1":{"name":"Tile","decl":{"start":{"line":61,"column":2},"end":{"line":62,"column":11}},"loc":{"start":{"line":66,"column":13},"end":{"line":78,"column":3}}},"2":{"name":"(anonymous_2)","decl":{"start":{"line":71,"column":54},"end":{"line":71,"column":54}},"loc":{"start":{"line":71,"column":61},"end":{"line":71,"column":107}}},"3":{"name":"(anonymous_3)","decl":{"start":{"line":31,"column":2},"end":{"line":null,"column":-1}},"loc":{"start":{"line":31,"column":2},"end":{"line":33,"column":3}}},"4":{"name":"(anonymous_4)","decl":{"start":{"line":34,"column":2},"end":{"line":34,"column":11}},"loc":{"start":{"line":34,"column":23},"end":{"line":38,"column":3}}},"5":{"name":"(anonymous_5)","decl":{"start":{"line":83,"column":2},"end":{"line":null,"column":-1}},"loc":{"start":{"line":83,"column":2},"end":{"line":86,"column":3}}},"6":{"name":"(anonymous_6)","decl":{"start":{"line":84,"column":26},"end":{"line":84,"column":25}},"loc":{"start":{"line":84,"column":27},"end":{"line":84,"column":38}}},"7":{"name":"(anonymous_7)","decl":{"start":{"line":93,"column":2},"end":{"line":93,"column":12}},"loc":{"start":{"line":93,"column":39},"end":{"line":99,"column":3}}},"8":{"name":"(anonymous_8)","decl":{"start":{"line":105,"column":2},"end":{"line":105,"column":16}},"loc":{"start":{"line":105,"column":55},"end":{"line":110,"column":3}}},"9":{"name":"(anonymous_9)","decl":{"start":{"line":114,"column":2},"end":{"line":null,"column":-1}},"loc":{"start":{"line":114,"column":2},"end":{"line":119,"column":3}}},"10":{"name":"(anonymous_10)","decl":{"start":{"line":115,"column":23},"end":{"line":115,"column":22}},"loc":{"start":{"line":115,"column":24},"end":{"line":115,"column":50}}},"11":{"name":"(anonymous_11)","decl":{"start":{"line":125,"column":2},"end":{"line":125,"column":8}},"loc":{"start":{"line":125,"column":20},"end":{"line":127,"column":3}}},"12":{"name":"(anonymous_12)","decl":{"start":{"line":130,"column":2},"end":{"line":null,"column":-1}},"loc":{"start":{"line":130,"column":2},"end":{"line":132,"column":3}}},"13":{"name":"(anonymous_13)","decl":{"start":{"line":137,"column":2},"end":{"line":null,"column":-1}},"loc":{"start":{"line":137,"column":2},"end":{"line":142,"column":3}}},"14":{"name":"(anonymous_14)","decl":{"start":{"line":139,"column":23},"end":{"line":139,"column":22}},"loc":{"start":{"line":139,"column":24},"end":{"line":139,"column":48}}}},"branchMap":{"0":{"loc":{"start":{"line":65,"column":4},"end":{"line":65,"column":28}},"type":"if","locations":[{"start":{"line":65,"column":4},"end":{"line":65,"column":28}},{"start":{"line":65,"column":4},"end":{"line":65,"column":28}}]},"1":{"loc":{"start":{"line":35,"column":4},"end":{"line":37,"column":5}},"type":"if","locations":[{"start":{"line":35,"column":4},"end":{"line":37,"column":5}},{"start":{"line":35,"column":4},"end":{"line":37,"column":5}}]},"2":{"loc":{"start":{"line":35,"column":8},"end":{"line":35,"column":21}},"type":"binary-expr","locations":[{"start":{"line":35,"column":8},"end":{"line":35,"column":21}},{"start":{"line":35,"column":25},"end":{"line":35,"column":42}}]},"3":{"loc":{"start":{"line":105,"column":30},"end":{"line":105,"column":55}},"type":"if","locations":[{"start":{"line":105,"column":30},"end":{"line":105,"column":55}},{"start":{"line":105,"column":30},"end":{"line":105,"column":55}}]},"4":{"loc":{"start":{"line":138,"column":4},"end":{"line":138,"column":38}},"type":"if","locations":[{"start":{"line":138,"column":4},"end":{"line":138,"column":38}},{"start":{"line":138,"column":4},"end":{"line":138,"column":38}}]}},"s":{"0":2,"1":20,"2":11,"3":11,"4":11,"5":11,"6":11,"7":11,"8":11,"9":99,"10":11,"11":11,"12":11,"13":11,"14":2,"15":11,"16":15,"17":14,"18":2,"19":4,"20":36,"21":2,"22":9,"23":2,"24":4,"25":3,"26":2,"27":3,"28":27,"29":2,"30":1,"31":2,"32":2,"33":2,"34":2,"35":1,"36":2,"37":18,"38":2,"39":2,"40":2},"f":{"0":2,"1":11,"2":99,"3":11,"4":15,"5":4,"6":36,"7":9,"8":3,"9":3,"10":27,"11":1,"12":2,"13":2,"14":18},"b":{"0":[9,2],"1":[14,1],"2":[15,14],"3":[1,2],"4":[1,1]}}
}
