{"C:\\Users\\Marcus\\Dropbox\\Programming\\sudoku\\dist\\src\\calculator.js":{"path":"C:\\Users\\Marcus\\Dropbox\\Programming\\sudoku\\dist\\src\\calculator.js","s":{"1":1,"2":1,"3":1,"4":1,"5":1,"6":3,"7":1,"8":12,"9":1,"10":4047,"11":4047,"12":5025,"13":87,"14":4938,"15":54,"16":36,"17":18,"18":4884,"19":4035,"20":4035,"21":51,"22":51,"23":849,"24":4047,"25":4047,"26":1,"27":1},"b":{"1":[87,4938],"2":[54,4884],"3":[36,18],"4":[4035,849]},"f":{"1":1,"2":0,"3":3,"4":12,"5":4047,"6":51},"fnMap":{"1":{"name":"(anonymous_1)","line":8,"loc":{"start":{"line":8,"column":18},"end":{"line":8,"column":30}}},"2":{"name":"Calculator","line":9,"loc":{"start":{"line":9,"column":4},"end":{"line":9,"column":26}}},"3":{"name":"(anonymous_3)","line":12,"loc":{"start":{"line":12,"column":24},"end":{"line":12,"column":43}}},"4":{"name":"(anonymous_4)","line":20,"loc":{"start":{"line":20,"column":34},"end":{"line":20,"column":60}}},"5":{"name":"(anonymous_5)","line":29,"loc":{"start":{"line":29,"column":24},"end":{"line":29,"column":55}}},"6":{"name":"(anonymous_6)","line":45,"loc":{"start":{"line":45,"column":31},"end":{"line":45,"column":44}}}},"statementMap":{"1":{"start":{"line":2,"column":0},"end":{"line":2,"column":43}},"2":{"start":{"line":3,"column":0},"end":{"line":3,"column":45}},"3":{"start":{"line":8,"column":0},"end":{"line":58,"column":5}},"4":{"start":{"line":9,"column":4},"end":{"line":10,"column":5}},"5":{"start":{"line":12,"column":4},"end":{"line":14,"column":6}},"6":{"start":{"line":13,"column":8},"end":{"line":13,"column":47}},"7":{"start":{"line":20,"column":4},"end":{"line":22,"column":6}},"8":{"start":{"line":21,"column":8},"end":{"line":21,"column":46}},"9":{"start":{"line":29,"column":4},"end":{"line":56,"column":6}},"10":{"start":{"line":30,"column":8},"end":{"line":30,"column":31}},"11":{"start":{"line":31,"column":8},"end":{"line":53,"column":28}},"12":{"start":{"line":32,"column":12},"end":{"line":52,"column":13}},"13":{"start":{"line":33,"column":16},"end":{"line":33,"column":25}},"14":{"start":{"line":35,"column":17},"end":{"line":52,"column":13}},"15":{"start":{"line":36,"column":16},"end":{"line":39,"column":77}},"16":{"start":{"line":37,"column":20},"end":{"line":37,"column":29}},"17":{"start":{"line":39,"column":20},"end":{"line":39,"column":77}},"18":{"start":{"line":42,"column":16},"end":{"line":51,"column":26}},"19":{"start":{"line":43,"column":20},"end":{"line":43,"column":76}},"20":{"start":{"line":45,"column":20},"end":{"line":48,"column":23}},"21":{"start":{"line":46,"column":24},"end":{"line":46,"column":44}},"22":{"start":{"line":47,"column":24},"end":{"line":47,"column":46}},"23":{"start":{"line":51,"column":20},"end":{"line":51,"column":26}},"24":{"start":{"line":54,"column":8},"end":{"line":54,"column":29}},"25":{"start":{"line":55,"column":8},"end":{"line":55,"column":29}},"26":{"start":{"line":57,"column":4},"end":{"line":57,"column":22}},"27":{"start":{"line":59,"column":0},"end":{"line":59,"column":32}}},"branchMap":{"1":{"line":32,"type":"if","locations":[{"start":{"line":32,"column":12},"end":{"line":32,"column":12}},{"start":{"line":32,"column":12},"end":{"line":32,"column":12}}]},"2":{"line":35,"type":"if","locations":[{"start":{"line":35,"column":17},"end":{"line":35,"column":17}},{"start":{"line":35,"column":17},"end":{"line":35,"column":17}}]},"3":{"line":36,"type":"if","locations":[{"start":{"line":36,"column":16},"end":{"line":36,"column":16}},{"start":{"line":36,"column":16},"end":{"line":36,"column":16}}]},"4":{"line":42,"type":"if","locations":[{"start":{"line":42,"column":16},"end":{"line":42,"column":16}},{"start":{"line":42,"column":16},"end":{"line":42,"column":16}}]}}},"C:\\Users\\Marcus\\Dropbox\\Programming\\sudoku\\dist\\src\\combination.js":{"path":"C:\\Users\\Marcus\\Dropbox\\Programming\\sudoku\\dist\\src\\combination.js","s":{"1":1,"2":1,"3":1,"4":18,"5":1,"6":4,"7":1,"8":4,"9":1,"10":1},"b":{},"f":{"1":1,"2":18,"3":4,"4":4},"fnMap":{"1":{"name":"(anonymous_1)","line":6,"loc":{"start":{"line":6,"column":19},"end":{"line":6,"column":31}}},"2":{"name":"Combination","line":7,"loc":{"start":{"line":7,"column":4},"end":{"line":7,"column":34}}},"3":{"name":"(anonymous_3)","line":12,"loc":{"start":{"line":12,"column":13},"end":{"line":12,"column":25}}},"4":{"name":"(anonymous_4)","line":20,"loc":{"start":{"line":20,"column":13},"end":{"line":20,"column":25}}}},"statementMap":{"1":{"start":{"line":2,"column":0},"end":{"line":2,"column":43}},"2":{"start":{"line":6,"column":0},"end":{"line":27,"column":5}},"3":{"start":{"line":7,"column":4},"end":{"line":9,"column":5}},"4":{"start":{"line":8,"column":8},"end":{"line":8,"column":31}},"5":{"start":{"line":10,"column":4},"end":{"line":17,"column":7}},"6":{"start":{"line":13,"column":12},"end":{"line":13,"column":56}},"7":{"start":{"line":18,"column":4},"end":{"line":25,"column":7}},"8":{"start":{"line":21,"column":12},"end":{"line":21,"column":39}},"9":{"start":{"line":26,"column":4},"end":{"line":26,"column":23}},"10":{"start":{"line":28,"column":0},"end":{"line":28,"column":34}}},"branchMap":{}},"C:\\Users\\Marcus\\Dropbox\\Programming\\sudoku\\dist\\src\\group.js":{"path":"C:\\Users\\Marcus\\Dropbox\\Programming\\sudoku\\dist\\src\\group.js","s":{"1":1,"2":1,"3":2,"4":2,"5":2,"6":2,"7":1,"8":2,"9":2,"10":4,"11":4,"12":2,"13":1,"14":2,"15":1,"16":1},"b":{},"f":{"1":1,"2":2,"3":2,"4":2},"fnMap":{"1":{"name":"(anonymous_1)","line":7,"loc":{"start":{"line":7,"column":13},"end":{"line":7,"column":25}}},"2":{"name":"Group","line":8,"loc":{"start":{"line":8,"column":4},"end":{"line":8,"column":37}}},"3":{"name":"(anonymous_3)","line":17,"loc":{"start":{"line":17,"column":13},"end":{"line":17,"column":25}}},"4":{"name":"(anonymous_4)","line":29,"loc":{"start":{"line":29,"column":37},"end":{"line":29,"column":53}}}},"statementMap":{"1":{"start":{"line":7,"column":0},"end":{"line":33,"column":5}},"2":{"start":{"line":8,"column":4},"end":{"line":14,"column":5}},"3":{"start":{"line":10,"column":8},"end":{"line":10,"column":31}},"4":{"start":{"line":11,"column":8},"end":{"line":11,"column":21}},"5":{"start":{"line":12,"column":8},"end":{"line":12,"column":27}},"6":{"start":{"line":13,"column":8},"end":{"line":13,"column":27}},"7":{"start":{"line":15,"column":4},"end":{"line":27,"column":7}},"8":{"start":{"line":18,"column":12},"end":{"line":18,"column":22}},"9":{"start":{"line":19,"column":12},"end":{"line":22,"column":13}},"10":{"start":{"line":20,"column":16},"end":{"line":20,"column":34}},"11":{"start":{"line":21,"column":16},"end":{"line":21,"column":30}},"12":{"start":{"line":23,"column":12},"end":{"line":23,"column":21}},"13":{"start":{"line":29,"column":4},"end":{"line":31,"column":6}},"14":{"start":{"line":30,"column":8},"end":{"line":30,"column":46}},"15":{"start":{"line":32,"column":4},"end":{"line":32,"column":17}},"16":{"start":{"line":34,"column":0},"end":{"line":34,"column":22}}},"branchMap":{}},"C:\\Users\\Marcus\\Dropbox\\Programming\\sudoku\\dist\\src\\tile.js":{"path":"C:\\Users\\Marcus\\Dropbox\\Programming\\sudoku\\dist\\src\\tile.js","s":{"1":1,"2":1,"3":1,"4":1,"5":1,"6":1,"7":1,"8":1,"9":1,"10":1,"11":1,"12":11,"13":9,"14":11,"15":11,"16":11,"17":11,"18":11,"19":11,"20":11,"21":99,"22":11,"23":11,"24":11,"25":11,"26":11,"27":1,"28":27,"29":15,"30":14,"31":14,"32":1,"33":4,"34":36,"35":1,"36":9,"37":1,"38":3,"39":1,"40":3,"41":1,"42":3,"43":27,"44":1,"45":1,"46":1,"47":2,"48":1,"49":2,"50":1,"51":2,"52":18,"53":2,"54":2,"55":1,"56":16,"57":16,"58":16,"59":1,"60":1},"b":{"1":[1,1,1],"2":[1,0],"3":[0,1],"4":[9,2],"5":[11,11],"6":[14,1],"7":[15,14],"8":[1,2],"9":[1,1],"10":[16,0]},"f":{"1":1,"2":1,"3":1,"4":11,"5":99,"6":27,"7":15,"8":4,"9":36,"10":9,"11":3,"12":3,"13":27,"14":1,"15":2,"16":2,"17":18,"18":16},"fnMap":{"1":{"name":"(anonymous_1)","line":2,"loc":{"start":{"line":2,"column":44},"end":{"line":2,"column":60}}},"2":{"name":"__","line":4,"loc":{"start":{"line":4,"column":4},"end":{"line":4,"column":18}}},"3":{"name":"(anonymous_3)","line":8,"loc":{"start":{"line":8,"column":12},"end":{"line":8,"column":30}}},"4":{"name":"Tile","line":10,"loc":{"start":{"line":10,"column":4},"end":{"line":10,"column":55}}},"5":{"name":"(anonymous_5)","line":18,"loc":{"start":{"line":18,"column":59},"end":{"line":18,"column":77}}},"6":{"name":"(anonymous_6)","line":28,"loc":{"start":{"line":28,"column":13},"end":{"line":28,"column":25}}},"7":{"name":"(anonymous_7)","line":31,"loc":{"start":{"line":31,"column":13},"end":{"line":31,"column":28}}},"8":{"name":"(anonymous_8)","line":43,"loc":{"start":{"line":43,"column":30},"end":{"line":43,"column":42}}},"9":{"name":"(anonymous_9)","line":44,"loc":{"start":{"line":44,"column":30},"end":{"line":44,"column":43}}},"10":{"name":"(anonymous_10)","line":52,"loc":{"start":{"line":52,"column":32},"end":{"line":52,"column":52}}},"11":{"name":"(anonymous_11)","line":63,"loc":{"start":{"line":63,"column":36},"end":{"line":63,"column":62}}},"12":{"name":"(anonymous_12)","line":72,"loc":{"start":{"line":72,"column":39},"end":{"line":72,"column":51}}},"13":{"name":"(anonymous_13)","line":73,"loc":{"start":{"line":73,"column":27},"end":{"line":73,"column":40}}},"14":{"name":"(anonymous_14)","line":81,"loc":{"start":{"line":81,"column":28},"end":{"line":81,"column":45}}},"15":{"name":"(anonymous_15)","line":85,"loc":{"start":{"line":85,"column":29},"end":{"line":85,"column":41}}},"16":{"name":"(anonymous_16)","line":91,"loc":{"start":{"line":91,"column":27},"end":{"line":91,"column":39}}},"17":{"name":"(anonymous_17)","line":94,"loc":{"start":{"line":94,"column":27},"end":{"line":94,"column":40}}},"18":{"name":"(anonymous_18)","line":99,"loc":{"start":{"line":99,"column":26},"end":{"line":99,"column":41}}}},"statementMap":{"1":{"start":{"line":2,"column":0},"end":{"line":6,"column":2}},"2":{"start":{"line":3,"column":4},"end":{"line":3,"column":58}},"3":{"start":{"line":3,"column":21},"end":{"line":3,"column":58}},"4":{"start":{"line":3,"column":46},"end":{"line":3,"column":58}},"5":{"start":{"line":4,"column":4},"end":{"line":4,"column":43}},"6":{"start":{"line":4,"column":20},"end":{"line":4,"column":41}},"7":{"start":{"line":5,"column":4},"end":{"line":5,"column":89}},"8":{"start":{"line":7,"column":0},"end":{"line":7,"column":29}},"9":{"start":{"line":8,"column":0},"end":{"line":106,"column":27}},"10":{"start":{"line":9,"column":4},"end":{"line":9,"column":28}},"11":{"start":{"line":10,"column":4},"end":{"line":25,"column":5}},"12":{"start":{"line":11,"column":8},"end":{"line":11,"column":52}},"13":{"start":{"line":11,"column":34},"end":{"line":11,"column":50}},"14":{"start":{"line":12,"column":8},"end":{"line":12,"column":53}},"15":{"start":{"line":13,"column":8},"end":{"line":13,"column":34}},"16":{"start":{"line":14,"column":8},"end":{"line":14,"column":32}},"17":{"start":{"line":15,"column":8},"end":{"line":15,"column":22}},"18":{"start":{"line":16,"column":8},"end":{"line":16,"column":26}},"19":{"start":{"line":17,"column":8},"end":{"line":17,"column":32}},"20":{"start":{"line":18,"column":8},"end":{"line":18,"column":132}},"21":{"start":{"line":18,"column":79},"end":{"line":18,"column":128}},"22":{"start":{"line":20,"column":8},"end":{"line":20,"column":75}},"23":{"start":{"line":21,"column":8},"end":{"line":21,"column":33}},"24":{"start":{"line":22,"column":8},"end":{"line":22,"column":45}},"25":{"start":{"line":23,"column":8},"end":{"line":23,"column":79}},"26":{"start":{"line":24,"column":8},"end":{"line":24,"column":21}},"27":{"start":{"line":26,"column":4},"end":{"line":39,"column":7}},"28":{"start":{"line":29,"column":12},"end":{"line":29,"column":29}},"29":{"start":{"line":32,"column":12},"end":{"line":35,"column":13}},"30":{"start":{"line":33,"column":16},"end":{"line":33,"column":32}},"31":{"start":{"line":34,"column":16},"end":{"line":34,"column":28}},"32":{"start":{"line":43,"column":4},"end":{"line":46,"column":6}},"33":{"start":{"line":44,"column":8},"end":{"line":44,"column":62}},"34":{"start":{"line":44,"column":45},"end":{"line":44,"column":58}},"35":{"start":{"line":52,"column":4},"end":{"line":57,"column":6}},"36":{"start":{"line":53,"column":8},"end":{"line":53,"column":45}},"37":{"start":{"line":63,"column":4},"end":{"line":68,"column":6}},"38":{"start":{"line":64,"column":8},"end":{"line":64,"column":55}},"39":{"start":{"line":64,"column":36},"end":{"line":64,"column":53}},"40":{"start":{"line":65,"column":8},"end":{"line":65,"column":53}},"41":{"start":{"line":72,"column":4},"end":{"line":76,"column":6}},"42":{"start":{"line":73,"column":8},"end":{"line":73,"column":76}},"43":{"start":{"line":73,"column":42},"end":{"line":73,"column":72}},"44":{"start":{"line":81,"column":4},"end":{"line":83,"column":6}},"45":{"start":{"line":82,"column":8},"end":{"line":82,"column":38}},"46":{"start":{"line":85,"column":4},"end":{"line":87,"column":6}},"47":{"start":{"line":86,"column":8},"end":{"line":86,"column":30}},"48":{"start":{"line":91,"column":4},"end":{"line":98,"column":6}},"49":{"start":{"line":92,"column":8},"end":{"line":93,"column":25}},"50":{"start":{"line":93,"column":12},"end":{"line":93,"column":25}},"51":{"start":{"line":94,"column":8},"end":{"line":94,"column":74}},"52":{"start":{"line":94,"column":42},"end":{"line":94,"column":70}},"53":{"start":{"line":96,"column":8},"end":{"line":96,"column":33}},"54":{"start":{"line":97,"column":8},"end":{"line":97,"column":20}},"55":{"start":{"line":99,"column":4},"end":{"line":104,"column":6}},"56":{"start":{"line":101,"column":8},"end":{"line":102,"column":27}},"57":{"start":{"line":102,"column":12},"end":{"line":102,"column":27}},"58":{"start":{"line":103,"column":8},"end":{"line":103,"column":46}},"59":{"start":{"line":105,"column":4},"end":{"line":105,"column":16}},"60":{"start":{"line":107,"column":0},"end":{"line":107,"column":20}}},"branchMap":{"1":{"line":2,"type":"binary-expr","locations":[{"start":{"line":2,"column":17},"end":{"line":2,"column":21}},{"start":{"line":2,"column":25},"end":{"line":2,"column":39}},{"start":{"line":2,"column":44},"end":{"line":6,"column":1}}]},"2":{"line":3,"type":"if","locations":[{"start":{"line":3,"column":21},"end":{"line":3,"column":21}},{"start":{"line":3,"column":21},"end":{"line":3,"column":21}}]},"3":{"line":5,"type":"cond-expr","locations":[{"start":{"line":5,"column":31},"end":{"line":5,"column":47}},{"start":{"line":5,"column":51},"end":{"line":5,"column":87}}]},"4":{"line":11,"type":"if","locations":[{"start":{"line":11,"column":8},"end":{"line":11,"column":8}},{"start":{"line":11,"column":8},"end":{"line":11,"column":8}}]},"5":{"line":12,"type":"binary-expr","locations":[{"start":{"line":12,"column":20},"end":{"line":12,"column":44}},{"start":{"line":12,"column":48},"end":{"line":12,"column":52}}]},"6":{"line":32,"type":"if","locations":[{"start":{"line":32,"column":12},"end":{"line":32,"column":12}},{"start":{"line":32,"column":12},"end":{"line":32,"column":12}}]},"7":{"line":32,"type":"binary-expr","locations":[{"start":{"line":32,"column":16},"end":{"line":32,"column":29}},{"start":{"line":32,"column":33},"end":{"line":32,"column":50}}]},"8":{"line":64,"type":"if","locations":[{"start":{"line":64,"column":8},"end":{"line":64,"column":8}},{"start":{"line":64,"column":8},"end":{"line":64,"column":8}}]},"9":{"line":92,"type":"if","locations":[{"start":{"line":92,"column":8},"end":{"line":92,"column":8}},{"start":{"line":92,"column":8},"end":{"line":92,"column":8}}]},"10":{"line":101,"type":"if","locations":[{"start":{"line":101,"column":8},"end":{"line":101,"column":8}},{"start":{"line":101,"column":8},"end":{"line":101,"column":8}}]}}},"C:\\Users\\Marcus\\Dropbox\\Programming\\sudoku\\dist\\src\\note.js":{"path":"C:\\Users\\Marcus\\Dropbox\\Programming\\sudoku\\dist\\src\\note.js","s":{"1":1,"2":2,"3":2,"4":2,"5":1,"6":2,"7":2,"8":1,"9":1,"10":1,"11":1,"12":99,"13":99,"14":99,"15":99,"16":99,"17":99,"18":99,"19":1,"20":69,"21":1,"22":0,"23":1,"24":27,"25":9,"26":27,"27":9,"28":9,"29":9,"30":1,"31":30,"32":0,"33":30,"34":6,"35":6,"36":1,"37":1,"38":1,"39":1,"40":1,"41":0,"42":1,"43":0,"44":0,"45":0,"46":0,"47":0,"48":0,"49":1,"50":0,"51":0,"52":0,"53":0,"54":0,"55":0,"56":1,"57":1},"b":{"1":[1,1,1],"2":[2,0],"3":[0,2],"4":[99,99],"5":[99,0],"6":[69,42],"7":[9,18],"8":[9,18],"9":[9,0],"10":[0,30],"11":[6,24],"12":[0,0,0],"13":[0,0],"14":[0,0],"15":[0,0],"16":[0,0],"17":[0,0]},"f":{"1":2,"2":2,"3":1,"4":99,"5":69,"6":0,"7":27,"8":30,"9":1,"10":0,"11":0,"12":0},"fnMap":{"1":{"name":"(anonymous_1)","line":2,"loc":{"start":{"line":2,"column":44},"end":{"line":2,"column":60}}},"2":{"name":"__","line":4,"loc":{"start":{"line":4,"column":4},"end":{"line":4,"column":18}}},"3":{"name":"(anonymous_3)","line":11,"loc":{"start":{"line":11,"column":12},"end":{"line":11,"column":30}}},"4":{"name":"Note","line":13,"loc":{"start":{"line":13,"column":4},"end":{"line":13,"column":41}}},"5":{"name":"(anonymous_5)","line":23,"loc":{"start":{"line":23,"column":13},"end":{"line":23,"column":25}}},"6":{"name":"(anonymous_6)","line":30,"loc":{"start":{"line":30,"column":13},"end":{"line":30,"column":25}}},"7":{"name":"(anonymous_7)","line":36,"loc":{"start":{"line":36,"column":33},"end":{"line":36,"column":48}}},"8":{"name":"(anonymous_8)","line":46,"loc":{"start":{"line":46,"column":35},"end":{"line":46,"column":50}}},"9":{"name":"(anonymous_9)","line":57,"loc":{"start":{"line":57,"column":22},"end":{"line":57,"column":40}}},"10":{"name":"ObservableNote","line":59,"loc":{"start":{"line":59,"column":4},"end":{"line":59,"column":30}}},"11":{"name":"(anonymous_11)","line":62,"loc":{"start":{"line":62,"column":43},"end":{"line":62,"column":58}}},"12":{"name":"(anonymous_12)","line":70,"loc":{"start":{"line":70,"column":45},"end":{"line":70,"column":60}}}},"statementMap":{"1":{"start":{"line":2,"column":0},"end":{"line":6,"column":2}},"2":{"start":{"line":3,"column":4},"end":{"line":3,"column":58}},"3":{"start":{"line":3,"column":21},"end":{"line":3,"column":58}},"4":{"start":{"line":3,"column":46},"end":{"line":3,"column":58}},"5":{"start":{"line":4,"column":4},"end":{"line":4,"column":43}},"6":{"start":{"line":4,"column":20},"end":{"line":4,"column":41}},"7":{"start":{"line":5,"column":4},"end":{"line":5,"column":89}},"8":{"start":{"line":7,"column":0},"end":{"line":7,"column":56}},"9":{"start":{"line":11,"column":0},"end":{"line":55,"column":38}},"10":{"start":{"line":12,"column":4},"end":{"line":12,"column":28}},"11":{"start":{"line":13,"column":4},"end":{"line":21,"column":5}},"12":{"start":{"line":14,"column":8},"end":{"line":14,"column":67}},"13":{"start":{"line":15,"column":8},"end":{"line":15,"column":27}},"14":{"start":{"line":16,"column":8},"end":{"line":16,"column":33}},"15":{"start":{"line":17,"column":8},"end":{"line":17,"column":24}},"16":{"start":{"line":18,"column":8},"end":{"line":18,"column":27}},"17":{"start":{"line":19,"column":8},"end":{"line":19,"column":37}},"18":{"start":{"line":20,"column":8},"end":{"line":20,"column":21}},"19":{"start":{"line":22,"column":4},"end":{"line":28,"column":7}},"20":{"start":{"line":24,"column":12},"end":{"line":24,"column":51}},"21":{"start":{"line":29,"column":4},"end":{"line":35,"column":7}},"22":{"start":{"line":31,"column":12},"end":{"line":31,"column":35}},"23":{"start":{"line":36,"column":4},"end":{"line":45,"column":6}},"24":{"start":{"line":37,"column":8},"end":{"line":38,"column":29}},"25":{"start":{"line":38,"column":12},"end":{"line":38,"column":29}},"26":{"start":{"line":39,"column":8},"end":{"line":44,"column":9}},"27":{"start":{"line":40,"column":12},"end":{"line":40,"column":28}},"28":{"start":{"line":41,"column":12},"end":{"line":43,"column":13}},"29":{"start":{"line":42,"column":16},"end":{"line":42,"column":36}},"30":{"start":{"line":46,"column":4},"end":{"line":53,"column":6}},"31":{"start":{"line":47,"column":8},"end":{"line":48,"column":35}},"32":{"start":{"line":48,"column":12},"end":{"line":48,"column":35}},"33":{"start":{"line":49,"column":8},"end":{"line":52,"column":9}},"34":{"start":{"line":50,"column":12},"end":{"line":50,"column":34}},"35":{"start":{"line":51,"column":12},"end":{"line":51,"column":32}},"36":{"start":{"line":54,"column":4},"end":{"line":54,"column":16}},"37":{"start":{"line":56,"column":0},"end":{"line":56,"column":20}},"38":{"start":{"line":57,"column":0},"end":{"line":79,"column":9}},"39":{"start":{"line":58,"column":4},"end":{"line":58,"column":38}},"40":{"start":{"line":59,"column":4},"end":{"line":61,"column":5}},"41":{"start":{"line":60,"column":8},"end":{"line":60,"column":72}},"42":{"start":{"line":62,"column":4},"end":{"line":69,"column":6}},"43":{"start":{"line":63,"column":8},"end":{"line":64,"column":29}},"44":{"start":{"line":64,"column":12},"end":{"line":64,"column":29}},"45":{"start":{"line":65,"column":8},"end":{"line":65,"column":31}},"46":{"start":{"line":66,"column":8},"end":{"line":66,"column":53}},"47":{"start":{"line":67,"column":8},"end":{"line":68,"column":32}},"48":{"start":{"line":68,"column":12},"end":{"line":68,"column":32}},"49":{"start":{"line":70,"column":4},"end":{"line":77,"column":6}},"50":{"start":{"line":71,"column":8},"end":{"line":72,"column":35}},"51":{"start":{"line":72,"column":12},"end":{"line":72,"column":35}},"52":{"start":{"line":73,"column":8},"end":{"line":73,"column":37}},"53":{"start":{"line":74,"column":8},"end":{"line":74,"column":53}},"54":{"start":{"line":75,"column":8},"end":{"line":76,"column":32}},"55":{"start":{"line":76,"column":12},"end":{"line":76,"column":32}},"56":{"start":{"line":78,"column":4},"end":{"line":78,"column":26}},"57":{"start":{"line":80,"column":0},"end":{"line":80,"column":40}}},"branchMap":{"1":{"line":2,"type":"binary-expr","locations":[{"start":{"line":2,"column":17},"end":{"line":2,"column":21}},{"start":{"line":2,"column":25},"end":{"line":2,"column":39}},{"start":{"line":2,"column":44},"end":{"line":6,"column":1}}]},"2":{"line":3,"type":"if","locations":[{"start":{"line":3,"column":21},"end":{"line":3,"column":21}},{"start":{"line":3,"column":21},"end":{"line":3,"column":21}}]},"3":{"line":5,"type":"cond-expr","locations":[{"start":{"line":5,"column":31},"end":{"line":5,"column":47}},{"start":{"line":5,"column":51},"end":{"line":5,"column":87}}]},"4":{"line":14,"type":"binary-expr","locations":[{"start":{"line":14,"column":20},"end":{"line":14,"column":58}},{"start":{"line":14,"column":62},"end":{"line":14,"column":66}}]},"5":{"line":14,"type":"binary-expr","locations":[{"start":{"line":14,"column":38},"end":{"line":14,"column":43}},{"start":{"line":14,"column":47},"end":{"line":14,"column":57}}]},"6":{"line":24,"type":"binary-expr","locations":[{"start":{"line":24,"column":20},"end":{"line":24,"column":29}},{"start":{"line":24,"column":33},"end":{"line":24,"column":49}}]},"7":{"line":37,"type":"if","locations":[{"start":{"line":37,"column":8},"end":{"line":37,"column":8}},{"start":{"line":37,"column":8},"end":{"line":37,"column":8}}]},"8":{"line":39,"type":"if","locations":[{"start":{"line":39,"column":8},"end":{"line":39,"column":8}},{"start":{"line":39,"column":8},"end":{"line":39,"column":8}}]},"9":{"line":41,"type":"if","locations":[{"start":{"line":41,"column":12},"end":{"line":41,"column":12}},{"start":{"line":41,"column":12},"end":{"line":41,"column":12}}]},"10":{"line":47,"type":"if","locations":[{"start":{"line":47,"column":8},"end":{"line":47,"column":8}},{"start":{"line":47,"column":8},"end":{"line":47,"column":8}}]},"11":{"line":49,"type":"if","locations":[{"start":{"line":49,"column":8},"end":{"line":49,"column":8}},{"start":{"line":49,"column":8},"end":{"line":49,"column":8}}]},"12":{"line":60,"type":"binary-expr","locations":[{"start":{"line":60,"column":15},"end":{"line":60,"column":30}},{"start":{"line":60,"column":34},"end":{"line":60,"column":63}},{"start":{"line":60,"column":67},"end":{"line":60,"column":71}}]},"13":{"line":63,"type":"if","locations":[{"start":{"line":63,"column":8},"end":{"line":63,"column":8}},{"start":{"line":63,"column":8},"end":{"line":63,"column":8}}]},"14":{"line":67,"type":"if","locations":[{"start":{"line":67,"column":8},"end":{"line":67,"column":8}},{"start":{"line":67,"column":8},"end":{"line":67,"column":8}}]},"15":{"line":67,"type":"binary-expr","locations":[{"start":{"line":67,"column":12},"end":{"line":67,"column":26}},{"start":{"line":67,"column":30},"end":{"line":67,"column":46}}]},"16":{"line":71,"type":"if","locations":[{"start":{"line":71,"column":8},"end":{"line":71,"column":8}},{"start":{"line":71,"column":8},"end":{"line":71,"column":8}}]},"17":{"line":75,"type":"if","locations":[{"start":{"line":75,"column":8},"end":{"line":75,"column":8}},{"start":{"line":75,"column":8},"end":{"line":75,"column":8}}]}}}}