{"C:\\Users\\HT-Marcus\\Dropbox\\Programming\\sudoku\\dist\\src\\calculator.js":{"path":"C:\\Users\\HT-Marcus\\Dropbox\\Programming\\sudoku\\dist\\src\\calculator.js","s":{"1":1,"2":1,"3":1,"4":1,"5":1,"6":3,"7":8,"8":1,"9":12,"10":1,"11":4047,"12":4047,"13":5025,"14":87,"15":4938,"16":54,"17":36,"18":18,"19":4884,"20":4035,"21":4035,"22":51,"23":51,"24":849,"25":4047,"26":4047,"27":1,"28":1},"b":{"1":[87,4938],"2":[54,4884],"3":[36,18],"4":[4035,849]},"f":{"1":1,"2":1,"3":3,"4":8,"5":12,"6":4047,"7":51},"fnMap":{"1":{"name":"(anonymous_1)","line":8,"loc":{"start":{"line":8,"column":32},"end":{"line":8,"column":44}}},"2":{"name":"Calculator","line":9,"loc":{"start":{"line":9,"column":4},"end":{"line":9,"column":26}}},"3":{"name":"(anonymous_3)","line":12,"loc":{"start":{"line":12,"column":24},"end":{"line":12,"column":43}}},"4":{"name":"(anonymous_4)","line":13,"loc":{"start":{"line":13,"column":30},"end":{"line":13,"column":46}}},"5":{"name":"(anonymous_5)","line":20,"loc":{"start":{"line":20,"column":34},"end":{"line":20,"column":60}}},"6":{"name":"(anonymous_6)","line":29,"loc":{"start":{"line":29,"column":24},"end":{"line":29,"column":55}}},"7":{"name":"(anonymous_7)","line":45,"loc":{"start":{"line":45,"column":31},"end":{"line":45,"column":44}}}},"statementMap":{"1":{"start":{"line":2,"column":0},"end":{"line":2,"column":62}},"2":{"start":{"line":3,"column":0},"end":{"line":3,"column":45}},"3":{"start":{"line":8,"column":0},"end":{"line":58,"column":5}},"4":{"start":{"line":9,"column":4},"end":{"line":10,"column":5}},"5":{"start":{"line":12,"column":4},"end":{"line":14,"column":6}},"6":{"start":{"line":13,"column":8},"end":{"line":13,"column":65}},"7":{"start":{"line":13,"column":48},"end":{"line":13,"column":61}},"8":{"start":{"line":20,"column":4},"end":{"line":22,"column":6}},"9":{"start":{"line":21,"column":8},"end":{"line":21,"column":46}},"10":{"start":{"line":29,"column":4},"end":{"line":56,"column":6}},"11":{"start":{"line":30,"column":8},"end":{"line":30,"column":31}},"12":{"start":{"line":31,"column":8},"end":{"line":53,"column":28}},"13":{"start":{"line":32,"column":12},"end":{"line":52,"column":13}},"14":{"start":{"line":33,"column":16},"end":{"line":33,"column":25}},"15":{"start":{"line":35,"column":17},"end":{"line":52,"column":13}},"16":{"start":{"line":36,"column":16},"end":{"line":39,"column":77}},"17":{"start":{"line":37,"column":20},"end":{"line":37,"column":29}},"18":{"start":{"line":39,"column":20},"end":{"line":39,"column":77}},"19":{"start":{"line":42,"column":16},"end":{"line":51,"column":26}},"20":{"start":{"line":43,"column":20},"end":{"line":43,"column":76}},"21":{"start":{"line":45,"column":20},"end":{"line":48,"column":23}},"22":{"start":{"line":46,"column":24},"end":{"line":46,"column":44}},"23":{"start":{"line":47,"column":24},"end":{"line":47,"column":46}},"24":{"start":{"line":51,"column":20},"end":{"line":51,"column":26}},"25":{"start":{"line":54,"column":8},"end":{"line":54,"column":29}},"26":{"start":{"line":55,"column":8},"end":{"line":55,"column":29}},"27":{"start":{"line":57,"column":4},"end":{"line":57,"column":22}},"28":{"start":{"line":59,"column":0},"end":{"line":59,"column":32}}},"branchMap":{"1":{"line":32,"type":"if","locations":[{"start":{"line":32,"column":12},"end":{"line":32,"column":12}},{"start":{"line":32,"column":12},"end":{"line":32,"column":12}}]},"2":{"line":35,"type":"if","locations":[{"start":{"line":35,"column":17},"end":{"line":35,"column":17}},{"start":{"line":35,"column":17},"end":{"line":35,"column":17}}]},"3":{"line":36,"type":"if","locations":[{"start":{"line":36,"column":16},"end":{"line":36,"column":16}},{"start":{"line":36,"column":16},"end":{"line":36,"column":16}}]},"4":{"line":42,"type":"if","locations":[{"start":{"line":42,"column":16},"end":{"line":42,"column":16}},{"start":{"line":42,"column":16},"end":{"line":42,"column":16}}]}}},"C:\\Users\\HT-Marcus\\Dropbox\\Programming\\sudoku\\dist\\src\\combination.js":{"path":"C:\\Users\\HT-Marcus\\Dropbox\\Programming\\sudoku\\dist\\src\\combination.js","s":{"1":1,"2":1,"3":1,"4":18,"5":1,"6":4,"7":13,"8":1,"9":4,"10":1,"11":1},"b":{},"f":{"1":1,"2":18,"3":4,"4":13,"5":4},"fnMap":{"1":{"name":"(anonymous_1)","line":6,"loc":{"start":{"line":6,"column":33},"end":{"line":6,"column":45}}},"2":{"name":"Combination","line":7,"loc":{"start":{"line":7,"column":4},"end":{"line":7,"column":34}}},"3":{"name":"(anonymous_3)","line":12,"loc":{"start":{"line":12,"column":13},"end":{"line":12,"column":25}}},"4":{"name":"(anonymous_4)","line":13,"loc":{"start":{"line":13,"column":39},"end":{"line":13,"column":55}}},"5":{"name":"(anonymous_5)","line":20,"loc":{"start":{"line":20,"column":13},"end":{"line":20,"column":25}}}},"statementMap":{"1":{"start":{"line":2,"column":0},"end":{"line":2,"column":62}},"2":{"start":{"line":6,"column":0},"end":{"line":27,"column":5}},"3":{"start":{"line":7,"column":4},"end":{"line":9,"column":5}},"4":{"start":{"line":8,"column":8},"end":{"line":8,"column":31}},"5":{"start":{"line":10,"column":4},"end":{"line":17,"column":7}},"6":{"start":{"line":13,"column":12},"end":{"line":13,"column":74}},"7":{"start":{"line":13,"column":57},"end":{"line":13,"column":70}},"8":{"start":{"line":18,"column":4},"end":{"line":25,"column":7}},"9":{"start":{"line":21,"column":12},"end":{"line":21,"column":39}},"10":{"start":{"line":26,"column":4},"end":{"line":26,"column":23}},"11":{"start":{"line":28,"column":0},"end":{"line":28,"column":34}}},"branchMap":{}},"C:\\Users\\HT-Marcus\\Dropbox\\Programming\\sudoku\\dist\\src\\group.js":{"path":"C:\\Users\\HT-Marcus\\Dropbox\\Programming\\sudoku\\dist\\src\\group.js","s":{"1":1,"2":1,"3":1,"4":2,"5":2,"6":2,"7":2,"8":1,"9":2,"10":2,"11":4,"12":4,"13":2,"14":1,"15":2,"16":1,"17":1},"b":{},"f":{"1":1,"2":2,"3":2,"4":2},"fnMap":{"1":{"name":"(anonymous_1)","line":8,"loc":{"start":{"line":8,"column":27},"end":{"line":8,"column":39}}},"2":{"name":"Group","line":9,"loc":{"start":{"line":9,"column":4},"end":{"line":9,"column":37}}},"3":{"name":"(anonymous_3)","line":18,"loc":{"start":{"line":18,"column":13},"end":{"line":18,"column":25}}},"4":{"name":"(anonymous_4)","line":30,"loc":{"start":{"line":30,"column":37},"end":{"line":30,"column":53}}}},"statementMap":{"1":{"start":{"line":2,"column":0},"end":{"line":2,"column":62}},"2":{"start":{"line":8,"column":0},"end":{"line":34,"column":5}},"3":{"start":{"line":9,"column":4},"end":{"line":15,"column":5}},"4":{"start":{"line":11,"column":8},"end":{"line":11,"column":31}},"5":{"start":{"line":12,"column":8},"end":{"line":12,"column":21}},"6":{"start":{"line":13,"column":8},"end":{"line":13,"column":27}},"7":{"start":{"line":14,"column":8},"end":{"line":14,"column":27}},"8":{"start":{"line":16,"column":4},"end":{"line":28,"column":7}},"9":{"start":{"line":19,"column":12},"end":{"line":19,"column":22}},"10":{"start":{"line":20,"column":12},"end":{"line":23,"column":13}},"11":{"start":{"line":21,"column":16},"end":{"line":21,"column":34}},"12":{"start":{"line":22,"column":16},"end":{"line":22,"column":32}},"13":{"start":{"line":24,"column":12},"end":{"line":24,"column":21}},"14":{"start":{"line":30,"column":4},"end":{"line":32,"column":6}},"15":{"start":{"line":31,"column":8},"end":{"line":31,"column":46}},"16":{"start":{"line":33,"column":4},"end":{"line":33,"column":17}},"17":{"start":{"line":35,"column":0},"end":{"line":35,"column":22}}},"branchMap":{}},"C:\\Users\\HT-Marcus\\Dropbox\\Programming\\sudoku\\dist\\src\\tile.js":{"path":"C:\\Users\\HT-Marcus\\Dropbox\\Programming\\sudoku\\dist\\src\\tile.js","s":{"1":1,"2":1,"3":1,"4":11,"5":9,"6":11,"7":11,"8":11,"9":11,"10":11,"11":11,"12":11,"13":99,"14":11,"15":11,"16":11,"17":11,"18":1,"19":11,"20":15,"21":14,"22":1,"23":4,"24":36,"25":1,"26":9,"27":1,"28":3,"29":1,"30":3,"31":1,"32":3,"33":27,"34":1,"35":1,"36":1,"37":2,"38":1,"39":2,"40":1,"41":2,"42":18,"43":2,"44":1,"45":1},"b":{"1":[9,2],"2":[14,1],"3":[15,14],"4":[1,2],"5":[1,1]},"f":{"1":1,"2":11,"3":99,"4":11,"5":15,"6":4,"7":36,"8":9,"9":3,"10":3,"11":27,"12":1,"13":2,"14":2,"15":18},"fnMap":{"1":{"name":"(anonymous_1)","line":3,"loc":{"start":{"line":3,"column":26},"end":{"line":3,"column":38}}},"2":{"name":"Tile","line":4,"loc":{"start":{"line":4,"column":4},"end":{"line":4,"column":56}}},"3":{"name":"(anonymous_3)","line":12,"loc":{"start":{"line":12,"column":58},"end":{"line":12,"column":76}}},"4":{"name":"(anonymous_4)","line":21,"loc":{"start":{"line":21,"column":13},"end":{"line":21,"column":25}}},"5":{"name":"(anonymous_5)","line":24,"loc":{"start":{"line":24,"column":13},"end":{"line":24,"column":28}}},"6":{"name":"(anonymous_6)","line":35,"loc":{"start":{"line":35,"column":30},"end":{"line":35,"column":42}}},"7":{"name":"(anonymous_7)","line":36,"loc":{"start":{"line":36,"column":30},"end":{"line":36,"column":43}}},"8":{"name":"(anonymous_8)","line":44,"loc":{"start":{"line":44,"column":32},"end":{"line":44,"column":52}}},"9":{"name":"(anonymous_9)","line":55,"loc":{"start":{"line":55,"column":36},"end":{"line":55,"column":62}}},"10":{"name":"(anonymous_10)","line":64,"loc":{"start":{"line":64,"column":39},"end":{"line":64,"column":51}}},"11":{"name":"(anonymous_11)","line":65,"loc":{"start":{"line":65,"column":27},"end":{"line":65,"column":40}}},"12":{"name":"(anonymous_12)","line":73,"loc":{"start":{"line":73,"column":28},"end":{"line":73,"column":45}}},"13":{"name":"(anonymous_13)","line":77,"loc":{"start":{"line":77,"column":29},"end":{"line":77,"column":41}}},"14":{"name":"(anonymous_14)","line":83,"loc":{"start":{"line":83,"column":27},"end":{"line":83,"column":39}}},"15":{"name":"(anonymous_15)","line":86,"loc":{"start":{"line":86,"column":27},"end":{"line":86,"column":40}}}},"statementMap":{"1":{"start":{"line":2,"column":0},"end":{"line":2,"column":62}},"2":{"start":{"line":3,"column":0},"end":{"line":91,"column":5}},"3":{"start":{"line":4,"column":4},"end":{"line":18,"column":5}},"4":{"start":{"line":5,"column":8},"end":{"line":5,"column":52}},"5":{"start":{"line":5,"column":34},"end":{"line":5,"column":50}},"6":{"start":{"line":6,"column":8},"end":{"line":6,"column":25}},"7":{"start":{"line":7,"column":8},"end":{"line":7,"column":35}},"8":{"start":{"line":8,"column":8},"end":{"line":8,"column":31}},"9":{"start":{"line":9,"column":8},"end":{"line":9,"column":21}},"10":{"start":{"line":10,"column":8},"end":{"line":10,"column":27}},"11":{"start":{"line":11,"column":8},"end":{"line":11,"column":31}},"12":{"start":{"line":12,"column":8},"end":{"line":12,"column":132}},"13":{"start":{"line":12,"column":78},"end":{"line":12,"column":128}},"14":{"start":{"line":14,"column":8},"end":{"line":14,"column":74}},"15":{"start":{"line":15,"column":8},"end":{"line":15,"column":34}},"16":{"start":{"line":16,"column":8},"end":{"line":16,"column":43}},"17":{"start":{"line":17,"column":8},"end":{"line":17,"column":78}},"18":{"start":{"line":19,"column":4},"end":{"line":31,"column":7}},"19":{"start":{"line":22,"column":12},"end":{"line":22,"column":29}},"20":{"start":{"line":25,"column":12},"end":{"line":27,"column":13}},"21":{"start":{"line":26,"column":16},"end":{"line":26,"column":32}},"22":{"start":{"line":35,"column":4},"end":{"line":38,"column":6}},"23":{"start":{"line":36,"column":8},"end":{"line":36,"column":64}},"24":{"start":{"line":36,"column":45},"end":{"line":36,"column":60}},"25":{"start":{"line":44,"column":4},"end":{"line":49,"column":6}},"26":{"start":{"line":45,"column":8},"end":{"line":45,"column":45}},"27":{"start":{"line":55,"column":4},"end":{"line":60,"column":6}},"28":{"start":{"line":56,"column":8},"end":{"line":56,"column":55}},"29":{"start":{"line":56,"column":36},"end":{"line":56,"column":53}},"30":{"start":{"line":57,"column":8},"end":{"line":57,"column":53}},"31":{"start":{"line":64,"column":4},"end":{"line":68,"column":6}},"32":{"start":{"line":65,"column":8},"end":{"line":65,"column":76}},"33":{"start":{"line":65,"column":42},"end":{"line":65,"column":72}},"34":{"start":{"line":73,"column":4},"end":{"line":75,"column":6}},"35":{"start":{"line":74,"column":8},"end":{"line":74,"column":42}},"36":{"start":{"line":77,"column":4},"end":{"line":79,"column":6}},"37":{"start":{"line":78,"column":8},"end":{"line":78,"column":32}},"38":{"start":{"line":83,"column":4},"end":{"line":89,"column":6}},"39":{"start":{"line":84,"column":8},"end":{"line":85,"column":27}},"40":{"start":{"line":85,"column":12},"end":{"line":85,"column":27}},"41":{"start":{"line":86,"column":8},"end":{"line":86,"column":74}},"42":{"start":{"line":86,"column":42},"end":{"line":86,"column":70}},"43":{"start":{"line":88,"column":8},"end":{"line":88,"column":33}},"44":{"start":{"line":90,"column":4},"end":{"line":90,"column":16}},"45":{"start":{"line":92,"column":0},"end":{"line":92,"column":20}}},"branchMap":{"1":{"line":5,"type":"if","locations":[{"start":{"line":5,"column":8},"end":{"line":5,"column":8}},{"start":{"line":5,"column":8},"end":{"line":5,"column":8}}]},"2":{"line":25,"type":"if","locations":[{"start":{"line":25,"column":12},"end":{"line":25,"column":12}},{"start":{"line":25,"column":12},"end":{"line":25,"column":12}}]},"3":{"line":25,"type":"binary-expr","locations":[{"start":{"line":25,"column":16},"end":{"line":25,"column":29}},{"start":{"line":25,"column":33},"end":{"line":25,"column":50}}]},"4":{"line":56,"type":"if","locations":[{"start":{"line":56,"column":8},"end":{"line":56,"column":8}},{"start":{"line":56,"column":8},"end":{"line":56,"column":8}}]},"5":{"line":84,"type":"if","locations":[{"start":{"line":84,"column":8},"end":{"line":84,"column":8}},{"start":{"line":84,"column":8},"end":{"line":84,"column":8}}]}}},"C:\\Users\\HT-Marcus\\Dropbox\\Programming\\sudoku\\dist\\src\\note.js":{"path":"C:\\Users\\HT-Marcus\\Dropbox\\Programming\\sudoku\\dist\\src\\note.js","s":{"1":1,"2":1,"3":1,"4":102,"5":102,"6":102,"7":102,"8":102,"9":1,"10":59,"11":1,"12":4,"13":1,"14":31,"15":11,"16":31,"17":1,"18":34,"19":2,"20":34,"21":1,"22":1},"b":{"1":[59,30],"2":[11,20],"3":[2,32]},"f":{"1":1,"2":102,"3":59,"4":4,"5":31,"6":34},"fnMap":{"1":{"name":"(anonymous_1)","line":6,"loc":{"start":{"line":6,"column":26},"end":{"line":6,"column":38}}},"2":{"name":"Note","line":7,"loc":{"start":{"line":7,"column":4},"end":{"line":7,"column":41}}},"3":{"name":"(anonymous_3)","line":15,"loc":{"start":{"line":15,"column":13},"end":{"line":15,"column":25}}},"4":{"name":"(anonymous_4)","line":22,"loc":{"start":{"line":22,"column":13},"end":{"line":22,"column":25}}},"5":{"name":"(anonymous_5)","line":28,"loc":{"start":{"line":28,"column":33},"end":{"line":28,"column":53}}},"6":{"name":"(anonymous_6)","line":32,"loc":{"start":{"line":32,"column":35},"end":{"line":32,"column":57}}}},"statementMap":{"1":{"start":{"line":2,"column":0},"end":{"line":2,"column":62}},"2":{"start":{"line":6,"column":0},"end":{"line":37,"column":5}},"3":{"start":{"line":7,"column":4},"end":{"line":13,"column":5}},"4":{"start":{"line":8,"column":8},"end":{"line":8,"column":26}},"5":{"start":{"line":9,"column":8},"end":{"line":9,"column":32}},"6":{"start":{"line":10,"column":8},"end":{"line":10,"column":23}},"7":{"start":{"line":11,"column":8},"end":{"line":11,"column":26}},"8":{"start":{"line":12,"column":8},"end":{"line":12,"column":36}},"9":{"start":{"line":14,"column":4},"end":{"line":20,"column":7}},"10":{"start":{"line":16,"column":12},"end":{"line":16,"column":51}},"11":{"start":{"line":21,"column":4},"end":{"line":27,"column":7}},"12":{"start":{"line":23,"column":12},"end":{"line":23,"column":35}},"13":{"start":{"line":28,"column":4},"end":{"line":31,"column":6}},"14":{"start":{"line":29,"column":8},"end":{"line":29,"column":59}},"15":{"start":{"line":29,"column":35},"end":{"line":29,"column":57}},"16":{"start":{"line":30,"column":8},"end":{"line":30,"column":29}},"17":{"start":{"line":32,"column":4},"end":{"line":35,"column":6}},"18":{"start":{"line":33,"column":8},"end":{"line":33,"column":69}},"19":{"start":{"line":33,"column":37},"end":{"line":33,"column":67}},"20":{"start":{"line":34,"column":8},"end":{"line":34,"column":37}},"21":{"start":{"line":36,"column":4},"end":{"line":36,"column":16}},"22":{"start":{"line":38,"column":0},"end":{"line":38,"column":20}}},"branchMap":{"1":{"line":16,"type":"binary-expr","locations":[{"start":{"line":16,"column":20},"end":{"line":16,"column":29}},{"start":{"line":16,"column":33},"end":{"line":16,"column":49}}]},"2":{"line":29,"type":"if","locations":[{"start":{"line":29,"column":8},"end":{"line":29,"column":8}},{"start":{"line":29,"column":8},"end":{"line":29,"column":8}}]},"3":{"line":33,"type":"if","locations":[{"start":{"line":33,"column":8},"end":{"line":33,"column":8}},{"start":{"line":33,"column":8},"end":{"line":33,"column":8}}]}}}}