TN:
SF:C:\Users\HT-Marcus\Dropbox\Programming\sudoku\src\calculator.ts
FN:7,(anonymous_0)
FN:10,(anonymous_2)
FN:11,(anonymous_3)
FN:19,(anonymous_4)
FN:29,(anonymous_5)
FN:47,(anonymous_6)
FNF:6
FNH:6
FNDA:2,(anonymous_0)
FNDA:3,(anonymous_2)
FNDA:8,(anonymous_3)
FNDA:12,(anonymous_4)
FNDA:4047,(anonymous_5)
FNDA:51,(anonymous_6)
DA:1,1
DA:7,1
DA:10,1
DA:11,8
DA:19,1
DA:20,12
DA:29,1
DA:31,4047
DA:33,4047
DA:34,5025
DA:35,87
DA:37,4938
DA:38,54
DA:39,18
DA:42,4884
DA:43,4035
DA:47,4035
DA:48,51
DA:49,51
DA:51,849
DA:55,4047
DA:56,4047
DA:58,1
LF:23
LH:23
BRDA:34,0,0,87
BRDA:34,0,1,4938
BRDA:37,1,0,54
BRDA:37,1,1,4884
BRDA:38,2,0,36
BRDA:38,2,1,18
BRDA:42,3,0,4035
BRDA:42,3,1,849
BRF:8
BRH:8
end_of_record
TN:
SF:C:\Users\HT-Marcus\Dropbox\Programming\sudoku\src\combination.ts
FN:4,(anonymous_0)
FN:12,Combination
FN:17,(anonymous_2)
FN:18,(anonymous_3)
FN:22,(anonymous_4)
FNF:5
FNH:5
FNDA:1,(anonymous_0)
FNDA:18,Combination
FNDA:4,(anonymous_2)
FNDA:13,(anonymous_3)
FNDA:4,(anonymous_4)
DA:4,1
DA:13,18
DA:17,1
DA:18,13
DA:22,1
DA:23,4
DA:25,1
LF:7
LH:7
BRF:0
BRH:0
end_of_record
TN:
SF:C:\Users\HT-Marcus\Dropbox\Programming\sudoku\src\group.ts
FN:19,(anonymous_0)
FN:44,Group
FN:36,(anonymous_2)
FN:51,(anonymous_3)
FNF:4
FNH:4
FNDA:1,(anonymous_0)
FNDA:2,Group
FNDA:2,(anonymous_2)
FNDA:2,(anonymous_3)
DA:19,1
DA:33,2
DA:36,1
DA:37,2
DA:38,4
DA:39,4
DA:41,2
DA:45,2
DA:46,2
DA:47,2
DA:51,1
DA:52,2
DA:54,1
LF:13
LH:13
BRF:0
BRH:0
end_of_record
TN:
SF:C:\Users\HT-Marcus\Dropbox\Programming\sudoku\src\note.ts
FN:12,(anonymous_0)
FN:26,Note
FN:18,(anonymous_2)
FN:22,(anonymous_3)
FN:32,(anonymous_4)
FN:36,(anonymous_5)
FNF:6
FNH:6
FNDA:3,(anonymous_0)
FNDA:102,Note
FNDA:59,(anonymous_2)
FNDA:4,(anonymous_3)
FNDA:31,(anonymous_4)
FNDA:34,(anonymous_5)
DA:12,3
DA:15,102
DA:16,102
DA:18,3
DA:19,59
DA:22,3
DA:23,4
DA:27,102
DA:28,102
DA:29,102
DA:32,42
DA:33,31
DA:36,36
DA:37,34
DA:39,3
LF:15
LH:15
BRDA:19,0,0,59
BRDA:19,0,1,30
BRDA:32,1,0,11
BRDA:32,1,1,20
BRDA:36,2,0,2
BRDA:36,2,1,32
BRF:6
BRH:6
end_of_record
TN:
SF:C:\Users\HT-Marcus\Dropbox\Programming\sudoku\src\tile.ts
FN:24,(anonymous_0)
FN:61,Tile
FN:71,(anonymous_2)
FN:31,(anonymous_3)
FN:34,(anonymous_4)
FN:83,(anonymous_5)
FN:84,(anonymous_6)
FN:93,(anonymous_7)
FN:105,(anonymous_8)
FN:114,(anonymous_9)
FN:115,(anonymous_10)
FN:125,(anonymous_11)
FN:130,(anonymous_12)
FN:137,(anonymous_13)
FN:139,(anonymous_14)
FNF:15
FNH:15
FNDA:2,(anonymous_0)
FNDA:11,Tile
FNDA:99,(anonymous_2)
FNDA:11,(anonymous_3)
FNDA:15,(anonymous_4)
FNDA:4,(anonymous_5)
FNDA:36,(anonymous_6)
FNDA:9,(anonymous_7)
FNDA:3,(anonymous_8)
FNDA:3,(anonymous_9)
FNDA:27,(anonymous_10)
FNDA:1,(anonymous_11)
FNDA:2,(anonymous_12)
FNDA:2,(anonymous_13)
FNDA:18,(anonymous_14)
DA:24,2
DA:31,2
DA:32,11
DA:35,15
DA:36,14
DA:48,11
DA:61,11
DA:62,11
DA:65,20
DA:68,11
DA:69,11
DA:70,11
DA:71,99
DA:73,11
DA:75,11
DA:76,11
DA:77,11
DA:83,2
DA:84,36
DA:93,2
DA:94,9
DA:105,4
DA:106,3
DA:114,2
DA:115,27
DA:125,2
DA:126,1
DA:130,2
DA:131,2
DA:137,2
DA:138,2
DA:139,18
DA:141,2
DA:143,2
LF:34
LH:34
BRDA:65,0,0,9
BRDA:65,0,1,2
BRDA:35,1,0,14
BRDA:35,1,1,1
BRDA:35,2,0,15
BRDA:35,2,1,14
BRDA:105,3,0,1
BRDA:105,3,1,2
BRDA:138,4,0,1
BRDA:138,4,1,1
BRF:10
BRH:10
end_of_record
