TN:
SF:C:\Users\Marcus\Dropbox\Programming\sudoku\dist\src\calculator.js
FN:8,(anonymous_1)
FN:9,Calculator
FN:12,(anonymous_3)
FN:20,(anonymous_4)
FN:29,(anonymous_5)
FN:45,(anonymous_6)
FNF:6
FNH:5
FNDA:1,(anonymous_1)
FNDA:0,Calculator
FNDA:3,(anonymous_3)
FNDA:12,(anonymous_4)
FNDA:4047,(anonymous_5)
FNDA:51,(anonymous_6)
DA:2,1
DA:3,1
DA:8,1
DA:9,1
DA:12,1
DA:13,3
DA:20,1
DA:21,12
DA:29,1
DA:30,4047
DA:31,4047
DA:32,5025
DA:33,87
DA:35,4938
DA:36,54
DA:37,36
DA:39,18
DA:42,4884
DA:43,4035
DA:45,4035
DA:46,51
DA:47,51
DA:51,849
DA:54,4047
DA:55,4047
DA:57,1
DA:59,1
LF:27
LH:27
BRDA:32,1,0,87
BRDA:32,1,1,4938
BRDA:35,2,0,54
BRDA:35,2,1,4884
BRDA:36,3,0,36
BRDA:36,3,1,18
BRDA:42,4,0,4035
BRDA:42,4,1,849
BRF:8
BRH:8
end_of_record
TN:
SF:C:\Users\Marcus\Dropbox\Programming\sudoku\dist\src\combination.js
FN:6,(anonymous_1)
FN:7,Combination
FN:12,(anonymous_3)
FN:20,(anonymous_4)
FNF:4
FNH:4
FNDA:1,(anonymous_1)
FNDA:18,Combination
FNDA:4,(anonymous_3)
FNDA:4,(anonymous_4)
DA:2,1
DA:6,1
DA:7,1
DA:8,18
DA:10,1
DA:13,4
DA:18,1
DA:21,4
DA:26,1
DA:28,1
LF:10
LH:10
BRF:0
BRH:0
end_of_record
TN:
SF:C:\Users\Marcus\Dropbox\Programming\sudoku\dist\src\group.js
FN:7,(anonymous_1)
FN:8,Group
FN:17,(anonymous_3)
FN:29,(anonymous_4)
FNF:4
FNH:4
FNDA:1,(anonymous_1)
FNDA:2,Group
FNDA:2,(anonymous_3)
FNDA:2,(anonymous_4)
DA:7,1
DA:8,1
DA:10,2
DA:11,2
DA:12,2
DA:13,2
DA:15,1
DA:18,2
DA:19,2
DA:20,4
DA:21,4
DA:23,2
DA:29,1
DA:30,2
DA:32,1
DA:34,1
LF:16
LH:16
BRF:0
BRH:0
end_of_record
TN:
SF:C:\Users\Marcus\Dropbox\Programming\sudoku\dist\src\tile.js
FN:2,(anonymous_1)
FN:4,__
FN:8,(anonymous_3)
FN:10,Tile
FN:18,(anonymous_5)
FN:28,(anonymous_6)
FN:31,(anonymous_7)
FN:43,(anonymous_8)
FN:44,(anonymous_9)
FN:52,(anonymous_10)
FN:63,(anonymous_11)
FN:72,(anonymous_12)
FN:73,(anonymous_13)
FN:81,(anonymous_14)
FN:85,(anonymous_15)
FN:91,(anonymous_16)
FN:94,(anonymous_17)
FN:99,(anonymous_18)
FNF:18
FNH:18
FNDA:1,(anonymous_1)
FNDA:1,__
FNDA:1,(anonymous_3)
FNDA:11,Tile
FNDA:99,(anonymous_5)
FNDA:27,(anonymous_6)
FNDA:15,(anonymous_7)
FNDA:4,(anonymous_8)
FNDA:36,(anonymous_9)
FNDA:9,(anonymous_10)
FNDA:3,(anonymous_11)
FNDA:3,(anonymous_12)
FNDA:27,(anonymous_13)
FNDA:1,(anonymous_14)
FNDA:2,(anonymous_15)
FNDA:2,(anonymous_16)
FNDA:18,(anonymous_17)
FNDA:16,(anonymous_18)
DA:2,1
DA:3,1
DA:4,1
DA:5,1
DA:7,1
DA:8,1
DA:9,1
DA:10,1
DA:11,11
DA:12,11
DA:13,11
DA:14,11
DA:15,11
DA:16,11
DA:17,11
DA:18,99
DA:20,11
DA:21,11
DA:22,11
DA:23,11
DA:24,11
DA:26,1
DA:29,27
DA:32,15
DA:33,14
DA:34,14
DA:43,1
DA:44,36
DA:52,1
DA:53,9
DA:63,1
DA:64,3
DA:65,3
DA:72,1
DA:73,27
DA:81,1
DA:82,1
DA:85,1
DA:86,2
DA:91,1
DA:92,2
DA:93,1
DA:94,18
DA:96,2
DA:97,2
DA:99,1
DA:101,16
DA:102,16
DA:103,16
DA:105,1
DA:107,1
LF:51
LH:51
BRDA:2,1,0,1
BRDA:2,1,1,1
BRDA:2,1,2,1
BRDA:3,2,0,1
BRDA:3,2,1,0
BRDA:5,3,0,0
BRDA:5,3,1,1
BRDA:11,4,0,9
BRDA:11,4,1,2
BRDA:12,5,0,11
BRDA:12,5,1,11
BRDA:32,6,0,14
BRDA:32,6,1,1
BRDA:32,7,0,15
BRDA:32,7,1,14
BRDA:64,8,0,1
BRDA:64,8,1,2
BRDA:92,9,0,1
BRDA:92,9,1,1
BRDA:101,10,0,16
BRDA:101,10,1,0
BRF:21
BRH:18
end_of_record
TN:
SF:C:\Users\Marcus\Dropbox\Programming\sudoku\dist\src\note.js
FN:2,(anonymous_1)
FN:4,__
FN:11,(anonymous_3)
FN:13,Note
FN:23,(anonymous_5)
FN:30,(anonymous_6)
FN:36,(anonymous_7)
FN:46,(anonymous_8)
FN:57,(anonymous_9)
FN:59,ObservableNote
FN:62,(anonymous_11)
FN:70,(anonymous_12)
FNF:12
FNH:8
FNDA:2,(anonymous_1)
FNDA:2,__
FNDA:1,(anonymous_3)
FNDA:99,Note
FNDA:69,(anonymous_5)
FNDA:0,(anonymous_6)
FNDA:27,(anonymous_7)
FNDA:30,(anonymous_8)
FNDA:1,(anonymous_9)
FNDA:0,ObservableNote
FNDA:0,(anonymous_11)
FNDA:0,(anonymous_12)
DA:2,1
DA:3,2
DA:4,2
DA:5,2
DA:7,1
DA:11,1
DA:12,1
DA:13,1
DA:14,99
DA:15,99
DA:16,99
DA:17,99
DA:18,99
DA:19,99
DA:20,99
DA:22,1
DA:24,69
DA:29,1
DA:31,0
DA:36,1
DA:37,27
DA:38,9
DA:39,27
DA:40,9
DA:41,9
DA:42,9
DA:46,1
DA:47,30
DA:48,0
DA:49,30
DA:50,6
DA:51,6
DA:54,1
DA:56,1
DA:57,1
DA:58,1
DA:59,1
DA:60,0
DA:62,1
DA:63,0
DA:64,0
DA:65,0
DA:66,0
DA:67,0
DA:68,0
DA:70,1
DA:71,0
DA:72,0
DA:73,0
DA:74,0
DA:75,0
DA:76,0
DA:78,1
DA:80,1
LF:54
LH:39
BRDA:2,1,0,1
BRDA:2,1,1,1
BRDA:2,1,2,1
BRDA:3,2,0,2
BRDA:3,2,1,0
BRDA:5,3,0,0
BRDA:5,3,1,2
BRDA:14,4,0,99
BRDA:14,4,1,99
BRDA:14,5,0,99
BRDA:14,5,1,0
BRDA:24,6,0,69
BRDA:24,6,1,42
BRDA:37,7,0,9
BRDA:37,7,1,18
BRDA:39,8,0,9
BRDA:39,8,1,18
BRDA:41,9,0,9
BRDA:41,9,1,0
BRDA:47,10,0,0
BRDA:47,10,1,30
BRDA:49,11,0,6
BRDA:49,11,1,24
BRDA:60,12,0,0
BRDA:60,12,1,0
BRDA:60,12,2,0
BRDA:63,13,0,0
BRDA:63,13,1,0
BRDA:67,14,0,0
BRDA:67,14,1,0
BRDA:67,15,0,0
BRDA:67,15,1,0
BRDA:71,16,0,0
BRDA:71,16,1,0
BRDA:75,17,0,0
BRDA:75,17,1,0
BRF:36
BRH:18
end_of_record
